------------------------------------------------------------------------
2013-04-16 13:29:43
arguments are:
  html/media/mutoBUxA.swf
  html/media/thumb/mutoBUxA.jpg
  /tmp/tmpzh7cLq
Files are: ['/tmp/tmpzh7cLq']

filetype: image/jpeg
Filetype is 'image/jpeg', convertor is <function do_jpg at 0xb735a3e4>

Done SWF, got 0, jpeg2swf -z -q85 -o html/media/mutoBUxA.swf /tmp/tmpzh7cLq

no errors yet!
jpegtopnm /tmp/tmpzh7cLq | pnmscale -height=80 -width=70 | pnmtojpeg > /tmp/tmplyTKYF.jpg
removing /tmp/tmpzh7cLq
worked, or at least failed to complain.
------------------------------------------------------------------------
2013-04-16 14:24:26
arguments are:
  html/media/TmlWmvNx.swf
  html/media/thumb/TmlWmvNx.jpg
  /tmp/tmpo3oRUa
Files are: ['/tmp/tmpo3oRUa']

filetype: image/jpeg
Filetype is 'image/jpeg', convertor is <function do_jpg at 0xb734d3ac>

Done SWF, got 0, jpeg2swf -z -q85 -o html/media/TmlWmvNx.swf /tmp/tmpo3oRUa

no errors yet!
jpegtopnm /tmp/tmpo3oRUa | pnmscale -height=80 -width=70 | pnmtojpeg > /tmp/tmpCqSzG_.jpg
removing /tmp/tmpo3oRUa
worked, or at least failed to complain.
------------------------------------------------------------------------
2013-04-16 14:24:59
arguments are:
  html/media/6NbNVBEJ.swf
  html/media/thumb/6NbNVBEJ.jpg
  /tmp/tmpNTdi__
Files are: ['/tmp/tmpNTdi__']

filetype: image/png
Filetype is 'image/png', convertor is <function do_png at 0xb7418374>

Done SWF, got 0, png2swf -o html/media/6NbNVBEJ.swf /tmp/tmpNTdi__

no errors yet!
pngtopnm -mix -background "#ffffff" /tmp/tmpNTdi__  | pnmscale -height=80 -width=70 | pnmtojpeg > /tmp/tmp9owpI_.jpg
removing /tmp/tmpNTdi__
worked, or at least failed to complain.
------------------------------------------------------------------------
2013-04-17 16:05:25
arguments are:
  html/media/gcGk_zJQ.swf
  html/media/thumb/gcGk_zJQ.jpg
  /tmp/tmpv2YNaE
Files are: ['/tmp/tmpv2YNaE']

filetype: image/jpeg
Filetype is 'image/jpeg', convertor is <function do_jpg at 0xb73aa3e4>

Done SWF, got 0, jpeg2swf -z -q85 -o html/media/gcGk_zJQ.swf /tmp/tmpv2YNaE

no errors yet!
jpegtopnm /tmp/tmpv2YNaE | pnmscale -height=80 -width=70 | pnmtojpeg > /tmp/tmpHp2i65.jpg
removing /tmp/tmpv2YNaE
worked, or at least failed to complain.
------------------------------------------------------------------------
2013-04-25 14:48:13
arguments are:
  html/media/QEsIWjmc.swf
  html/media/thumb/QEsIWjmc.jpg
  /tmp/tmp2ZBkMW
Files are: ['/tmp/tmp2ZBkMW']

filetype: image/jpeg
Filetype is 'image/jpeg', convertor is <function do_jpg at 0xb72f33ac>

Done SWF, got 0, jpeg2swf -z -q85 -o html/media/QEsIWjmc.swf /tmp/tmp2ZBkMW

no errors yet!
jpegtopnm /tmp/tmp2ZBkMW | pnmscale -height=80 -width=70 | pnmtojpeg > /tmp/tmpyWOtbk.jpg
removing /tmp/tmp2ZBkMW
worked, or at least failed to complain.
------------------------------------------------------------------------
2013-04-26 13:32:58
arguments are:
  html/media/ObB4cz5f.swf
  html/media/thumb/ObB4cz5f.jpg
  /tmp/tmpa8Ld9i
Files are: ['/tmp/tmpa8Ld9i']

filetype: image/jpeg
Filetype is 'image/jpeg', convertor is <function do_jpg at 0xb74913ac>

Done SWF, got 0, jpeg2swf -z -q85 -o html/media/ObB4cz5f.swf /tmp/tmpa8Ld9i

no errors yet!
jpegtopnm /tmp/tmpa8Ld9i | pnmscale -height=80 -width=70 | pnmtojpeg > /tmp/tmp9Z4Vl1.jpg
removing /tmp/tmpa8Ld9i
worked, or at least failed to complain.
------------------------------------------------------------------------
2013-04-26 13:33:19
arguments are:
  html/media/KzBRfJFR.swf
  html/media/thumb/KzBRfJFR.jpg
  /tmp/tmpWT7IxF
Files are: ['/tmp/tmpWT7IxF']

filetype: image/jpeg
Filetype is 'image/jpeg', convertor is <function do_jpg at 0xb72a83ac>

Done SWF, got 0, jpeg2swf -z -q85 -o html/media/KzBRfJFR.swf /tmp/tmpWT7IxF

no errors yet!
jpegtopnm /tmp/tmpWT7IxF | pnmscale -height=80 -width=70 | pnmtojpeg > /tmp/tmpatnp_k.jpg
removing /tmp/tmpWT7IxF
worked, or at least failed to complain.
------------------------------------------------------------------------
2013-04-26 13:42:03
arguments are:
  html/media/cTCvL3Kr.swf
  html/media/thumb/cTCvL3Kr.jpg
  /tmp/tmpn6_dBb
Files are: ['/tmp/tmpn6_dBb']

filetype: image/jpeg
Filetype is 'image/jpeg', convertor is <function do_jpg at 0xb73953ac>

Done SWF, got 0, jpeg2swf -z -q85 -o html/media/cTCvL3Kr.swf /tmp/tmpn6_dBb

no errors yet!
jpegtopnm /tmp/tmpn6_dBb | pnmscale -height=80 -width=70 | pnmtojpeg > /tmp/tmpUMplcD.jpg
removing /tmp/tmpn6_dBb
worked, or at least failed to complain.
------------------------------------------------------------------------
2013-04-26 13:42:30
arguments are:
  html/media/HkKBrf6A.swf
  html/media/thumb/HkKBrf6A.jpg
  /tmp/tmp1iVSuu
Files are: ['/tmp/tmp1iVSuu']

filetype: image/jpeg
Filetype is 'image/jpeg', convertor is <function do_jpg at 0xb73523ac>

Done SWF, got 0, jpeg2swf -z -q85 -o html/media/HkKBrf6A.swf /tmp/tmp1iVSuu

no errors yet!
jpegtopnm /tmp/tmp1iVSuu | pnmscale -height=80 -width=70 | pnmtojpeg > /tmp/tmpXXBg1y.jpg
removing /tmp/tmp1iVSuu
worked, or at least failed to complain.
